<?xml version="1.0" encoding="UTF-8"?>
<testng-results ignored="0" total="1" passed="1" failed="0" skipped="0">
  <reporter-output>
  </reporter-output>
  <suite started-at="2026-06-25T12:32:05 IST" name="Default suite" finished-at="2026-06-25T12:32:15 IST" duration-ms="10672">
    <groups>
    </groups>
    <test started-at="2026-06-25T12:32:05 IST" name="Default test" finished-at="2026-06-25T12:32:15 IST" duration-ms="10672">
      <class name="com.ease.my.trip.EaseMyTrip">
        <test-method is-config="true" signature="setUp()[pri:0, instance:com.ease.my.trip.EaseMyTrip@61322f9d]" started-at="2026-06-25T12:32:05 IST" name="setUp" finished-at="2026-06-25T12:32:14 IST" duration-ms="9323" status="PASS">
          <reporter-output>
          </reporter-output>
        </test-method> <!-- setUp -->
        <test-method signature="test()[pri:0, instance:com.ease.my.trip.EaseMyTrip@61322f9d]" started-at="2026-06-25T12:32:14 IST" name="test" finished-at="2026-06-25T12:32:15 IST" duration-ms="829" status="PASS">
          <reporter-output>
          </reporter-output>
        </test-method> <!-- test -->
        <test-method is-config="true" signature="tearDown()[pri:0, instance:com.ease.my.trip.EaseMyTrip@61322f9d]" started-at="2026-06-25T12:32:15 IST" name="tearDown" finished-at="2026-06-25T12:32:15 IST" duration-ms="449" status="PASS">
          <reporter-output>
          </reporter-output>
        </test-method> <!-- tearDown -->
      </class> <!-- com.ease.my.trip.EaseMyTrip -->
    </test> <!-- Default test -->
  </suite> <!-- Default suite -->
</testng-results>
