<?xml version="1.0" encoding="UTF-8"?>
<testng-results ignored="0" total="1" passed="1" failed="0" skipped="0">
  <reporter-output>
  </reporter-output>
  <suite started-at="2026-06-30T00:21:29 IST" name="Default suite" finished-at="2026-06-30T00:21:41 IST" duration-ms="11953">
    <groups>
    </groups>
    <test started-at="2026-06-30T00:21:29 IST" name="Default test" finished-at="2026-06-30T00:21:41 IST" duration-ms="11953">
      <class name="test.Test">
        <test-method is-config="true" signature="setupReport()[pri:0, instance:test.Test@55fe41ea]" started-at="2026-06-30T00:21:29 IST" name="setupReport" finished-at="2026-06-30T00:21:30 IST" duration-ms="234" status="PASS">
          <reporter-output>
          </reporter-output>
        </test-method> <!-- setupReport -->
        <test-method signature="test()[pri:0, instance:test.Test@55fe41ea]" started-at="2026-06-30T00:21:30 IST" name="test" finished-at="2026-06-30T00:21:41 IST" duration-ms="11056" status="PASS">
          <reporter-output>
          </reporter-output>
        </test-method> <!-- test -->
        <test-method is-config="true" signature="captureResult(org.testng.ITestResult)[pri:0, instance:test.Test@55fe41ea]" started-at="2026-06-30T00:21:41 IST" name="captureResult" finished-at="2026-06-30T00:21:41 IST" duration-ms="6" status="PASS">
          <params>
            <param index="0">
              <value>
                <![CDATA[[TestResult name=test status=SUCCESS method=Test.test()[pri:0, instance:test.Test@55fe41ea] output={null}]]]>
              </value>
            </param>
          </params>
          <reporter-output>
          </reporter-output>
        </test-method> <!-- captureResult -->
        <test-method is-config="true" signature="tearDown()[pri:0, instance:test.Test@55fe41ea]" started-at="2026-06-30T00:21:41 IST" name="tearDown" finished-at="2026-06-30T00:21:41 IST" duration-ms="619" status="PASS">
          <reporter-output>
          </reporter-output>
        </test-method> <!-- tearDown -->
      </class> <!-- test.Test -->
    </test> <!-- Default test -->
  </suite> <!-- Default suite -->
</testng-results>
