<?xml version="1.0" encoding="UTF-8"?>
<testng-results ignored="0" total="1" passed="1" failed="0" skipped="0">
  <reporter-output>
  </reporter-output>
  <suite started-at="2026-06-29T09:47:51 IST" name="Default suite" finished-at="2026-06-29T09:48:02 IST" duration-ms="10125">
    <groups>
    </groups>
    <test started-at="2026-06-29T09:47:51 IST" name="Default test" finished-at="2026-06-29T09:48:02 IST" duration-ms="10125">
      <class name="com.dropdown.Dropdown">
        <test-method is-config="true" signature="setUp()[pri:0, instance:com.dropdown.Dropdown@1a677343]" started-at="2026-06-29T09:47:52 IST" name="setUp" finished-at="2026-06-29T09:48:01 IST" duration-ms="9520" status="PASS">
          <reporter-output>
          </reporter-output>
        </test-method> <!-- setUp -->
        <test-method signature="test()[pri:0, instance:com.dropdown.Dropdown@1a677343]" started-at="2026-06-29T09:48:01 IST" name="test" finished-at="2026-06-29T09:48:01 IST" duration-ms="336" status="PASS">
          <reporter-output>
          </reporter-output>
        </test-method> <!-- test -->
        <test-method is-config="true" signature="tearDown()[pri:0, instance:com.dropdown.Dropdown@1a677343]" started-at="2026-06-29T09:48:01 IST" name="tearDown" finished-at="2026-06-29T09:48:02 IST" duration-ms="223" status="PASS">
          <reporter-output>
          </reporter-output>
        </test-method> <!-- tearDown -->
      </class> <!-- com.dropdown.Dropdown -->
    </test> <!-- Default test -->
  </suite> <!-- Default suite -->
</testng-results>
