<?xml version="1.0" encoding="UTF-8"?>
<testng-results ignored="0" total="1" passed="1" failed="0" skipped="0">
  <reporter-output>
  </reporter-output>
  <suite started-at="2026-06-29T11:40:37 IST" name="Default suite" finished-at="2026-06-29T11:40:46 IST" duration-ms="9116">
    <groups>
    </groups>
    <test started-at="2026-06-29T11:40:37 IST" name="Default test" finished-at="2026-06-29T11:40:46 IST" duration-ms="9116">
      <class name="com.radio.RadioButton">
        <test-method is-config="true" signature="setUp()[pri:0, instance:com.radio.RadioButton@1a677343]" started-at="2026-06-29T11:40:37 IST" name="setUp" finished-at="2026-06-29T11:40:45 IST" duration-ms="8601" status="PASS">
          <reporter-output>
          </reporter-output>
        </test-method> <!-- setUp -->
        <test-method signature="test()[pri:0, instance:com.radio.RadioButton@1a677343]" started-at="2026-06-29T11:40:45 IST" name="test" finished-at="2026-06-29T11:40:46 IST" duration-ms="170" status="PASS">
          <reporter-output>
          </reporter-output>
        </test-method> <!-- test -->
        <test-method is-config="true" signature="tearDown()[pri:0, instance:com.radio.RadioButton@1a677343]" started-at="2026-06-29T11:40:46 IST" name="tearDown" finished-at="2026-06-29T11:40:46 IST" duration-ms="310" status="PASS">
          <reporter-output>
          </reporter-output>
        </test-method> <!-- tearDown -->
      </class> <!-- com.radio.RadioButton -->
    </test> <!-- Default test -->
  </suite> <!-- Default suite -->
</testng-results>
