<?xml version="1.0" encoding="UTF-8"?>
<!-- Generated by org.testng.reporters.JUnitXMLReporter -->
<testsuite ignored="0" hostname="LP-HYD-85009834" failures="0" tests="10" name="Default test" time="83.426" errors="0" timestamp="2026-06-28T19:50:14 IST">
  <testcase classname="tests.Test" name="test" time="10.101"/>
  <testcase classname="tests.Test" name="test" time="5.182"/>
  <testcase classname="tests.Test" name="test" time="7.861"/>
  <testcase classname="tests.Test" name="test" time="6.439"/>
  <testcase classname="tests.Test" name="test" time="7.018"/>
  <testcase classname="tests.Test" name="test" time="9.293"/>
  <testcase classname="tests.Test" name="test" time="10.153"/>
  <testcase classname="tests.Test" name="test" time="7.375"/>
  <testcase classname="tests.Test" name="test" time="8.442"/>
  <testcase classname="tests.Test" name="test" time="9.627"/>
</testsuite> <!-- Default test -->
