<?xml version="1.0" encoding="UTF-8"?>
<testng-results ignored="0" total="10" passed="10" failed="0" skipped="0">
  <reporter-output>
  </reporter-output>
  <suite started-at="2026-06-28T19:48:50 IST" name="Default suite" finished-at="2026-06-28T19:50:14 IST" duration-ms="83426">
    <groups>
    </groups>
    <test started-at="2026-06-28T19:48:50 IST" name="Default test" finished-at="2026-06-28T19:50:14 IST" duration-ms="83426">
      <class name="tests.Test">
        <test-method signature="test(java.lang.String,java.lang.String)[pri:0, instance:tests.Test@22ff4249]" started-at="2026-06-28T19:48:52 IST" name="test" data-provider="logginData" finished-at="2026-06-28T19:49:02 IST" duration-ms="10101" status="PASS">
          <params>
            <param index="0">
              <value>
                <![CDATA[user1@test.com]]>
              </value>
            </param>
            <param index="1">
              <value>
                <![CDATA[Pass@123]]>
              </value>
            </param>
          </params>
          <reporter-output>
          </reporter-output>
        </test-method> <!-- test -->
        <test-method signature="test(java.lang.String,java.lang.String)[pri:0, instance:tests.Test@22ff4249]" started-at="2026-06-28T19:49:02 IST" name="test" data-provider="logginData" finished-at="2026-06-28T19:49:07 IST" duration-ms="5182" status="PASS">
          <params>
            <param index="0">
              <value>
                <![CDATA[user2@test.com]]>
              </value>
            </param>
            <param index="1">
              <value>
                <![CDATA[Welcome@123]]>
              </value>
            </param>
          </params>
          <reporter-output>
          </reporter-output>
        </test-method> <!-- test -->
        <test-method signature="test(java.lang.String,java.lang.String)[pri:0, instance:tests.Test@22ff4249]" started-at="2026-06-28T19:49:07 IST" name="test" data-provider="logginData" finished-at="2026-06-28T19:49:15 IST" duration-ms="7861" status="PASS">
          <params>
            <param index="0">
              <value>
                <![CDATA[user3@test.com]]>
              </value>
            </param>
            <param index="1">
              <value>
                <![CDATA[Test@1234]]>
              </value>
            </param>
          </params>
          <reporter-output>
          </reporter-output>
        </test-method> <!-- test -->
        <test-method signature="test(java.lang.String,java.lang.String)[pri:0, instance:tests.Test@22ff4249]" started-at="2026-06-28T19:49:15 IST" name="test" data-provider="logginData" finished-at="2026-06-28T19:49:22 IST" duration-ms="6439" status="PASS">
          <params>
            <param index="0">
              <value>
                <![CDATA[user4@test.com]]>
              </value>
            </param>
            <param index="1">
              <value>
                <![CDATA[Demo@123]]>
              </value>
            </param>
          </params>
          <reporter-output>
          </reporter-output>
        </test-method> <!-- test -->
        <test-method signature="test(java.lang.String,java.lang.String)[pri:0, instance:tests.Test@22ff4249]" started-at="2026-06-28T19:49:22 IST" name="test" data-provider="logginData" finished-at="2026-06-28T19:49:29 IST" duration-ms="7018" status="PASS">
          <params>
            <param index="0">
              <value>
                <![CDATA[user5@test.com]]>
              </value>
            </param>
            <param index="1">
              <value>
                <![CDATA[Login@123]]>
              </value>
            </param>
          </params>
          <reporter-output>
          </reporter-output>
        </test-method> <!-- test -->
        <test-method signature="test(java.lang.String,java.lang.String)[pri:0, instance:tests.Test@22ff4249]" started-at="2026-06-28T19:49:29 IST" name="test" data-provider="logginData" finished-at="2026-06-28T19:49:38 IST" duration-ms="9293" status="PASS">
          <params>
            <param index="0">
              <value>
                <![CDATA[user6@test.com]]>
              </value>
            </param>
            <param index="1">
              <value>
                <![CDATA[Admin@123]]>
              </value>
            </param>
          </params>
          <reporter-output>
          </reporter-output>
        </test-method> <!-- test -->
        <test-method signature="test(java.lang.String,java.lang.String)[pri:0, instance:tests.Test@22ff4249]" started-at="2026-06-28T19:49:38 IST" name="test" data-provider="logginData" finished-at="2026-06-28T19:49:48 IST" duration-ms="10153" status="PASS">
          <params>
            <param index="0">
              <value>
                <![CDATA[user7@test.com]]>
              </value>
            </param>
            <param index="1">
              <value>
                <![CDATA[User@1234]]>
              </value>
            </param>
          </params>
          <reporter-output>
          </reporter-output>
        </test-method> <!-- test -->
        <test-method signature="test(java.lang.String,java.lang.String)[pri:0, instance:tests.Test@22ff4249]" started-at="2026-06-28T19:49:48 IST" name="test" data-provider="logginData" finished-at="2026-06-28T19:49:56 IST" duration-ms="7375" status="PASS">
          <params>
            <param index="0">
              <value>
                <![CDATA[user8@test.com]]>
              </value>
            </param>
            <param index="1">
              <value>
                <![CDATA[Sample@123]]>
              </value>
            </param>
          </params>
          <reporter-output>
          </reporter-output>
        </test-method> <!-- test -->
        <test-method signature="test(java.lang.String,java.lang.String)[pri:0, instance:tests.Test@22ff4249]" started-at="2026-06-28T19:49:56 IST" name="test" data-provider="logginData" finished-at="2026-06-28T19:50:04 IST" duration-ms="8442" status="PASS">
          <params>
            <param index="0">
              <value>
                <![CDATA[user9@test.com]]>
              </value>
            </param>
            <param index="1">
              <value>
                <![CDATA[Check@123]]>
              </value>
            </param>
          </params>
          <reporter-output>
          </reporter-output>
        </test-method> <!-- test -->
        <test-method signature="test(java.lang.String,java.lang.String)[pri:0, instance:tests.Test@22ff4249]" started-at="2026-06-28T19:50:04 IST" name="test" data-provider="logginData" finished-at="2026-06-28T19:50:14 IST" duration-ms="9627" status="PASS">
          <params>
            <param index="0">
              <value>
                <![CDATA[user10@test.com]]>
              </value>
            </param>
            <param index="1">
              <value>
                <![CDATA[QA@1234]]>
              </value>
            </param>
          </params>
          <reporter-output>
          </reporter-output>
        </test-method> <!-- test -->
      </class> <!-- tests.Test -->
    </test> <!-- Default test -->
  </suite> <!-- Default suite -->
</testng-results>
