<?xml version="1.0" encoding="UTF-8"?>
<testng-results ignored="1" total="2" passed="1" failed="0" skipped="0">
  <reporter-output>
  </reporter-output>
  <suite started-at="2026-07-02T10:59:04 IST" name="Default suite" finished-at="2026-07-02T10:59:17 IST" duration-ms="13533">
    <groups>
    </groups>
    <test started-at="2026-07-02T10:59:04 IST" name="Default test" finished-at="2026-07-02T10:59:17 IST" duration-ms="13533">
      <class name="tests.LoginPageTest">
        <test-method is-config="true" signature="setUp()[pri:0, instance:tests.LoginPageTest@b3ca52e]" started-at="2026-07-02T10:59:04 IST" name="setUp" finished-at="2026-07-02T10:59:04 IST" duration-ms="284" status="PASS">
          <reporter-output>
          </reporter-output>
        </test-method> <!-- setUp -->
        <test-method is-config="true" signature="test()[pri:0, instance:tests.LoginPageTest@b3ca52e]" started-at="2026-07-02T10:59:04 IST" name="test" finished-at="2026-07-02T10:59:14 IST" duration-ms="10436" status="PASS">
          <reporter-output>
          </reporter-output>
        </test-method> <!-- test -->
        <test-method is-config="true" signature="setUpPage()[pri:0, instance:tests.LoginPageTest@b3ca52e]" started-at="2026-07-02T10:59:14 IST" name="setUpPage" finished-at="2026-07-02T10:59:14 IST" duration-ms="17" status="PASS">
          <reporter-output>
          </reporter-output>
        </test-method> <!-- setUpPage -->
        <test-method signature="Login()[pri:0, instance:tests.LoginPageTest@b3ca52e]" started-at="2026-07-02T10:59:14 IST" name="Login" finished-at="2026-07-02T10:59:17 IST" duration-ms="2203" status="PASS">
          <reporter-output>
          </reporter-output>
        </test-method> <!-- Login -->
        <test-method is-config="true" signature="takeScreenShotOnFailure(org.testng.ITestResult)[pri:0, instance:tests.LoginPageTest@b3ca52e]" started-at="2026-07-02T10:59:17 IST" name="takeScreenShotOnFailure" finished-at="2026-07-02T10:59:17 IST" duration-ms="7" status="PASS">
          <params>
            <param index="0">
              <value>
                <![CDATA[[TestResult name=Login status=SUCCESS method=LoginPageTest.Login()[pri:0, instance:tests.LoginPageTest@b3ca52e] output={null}]]]>
              </value>
            </param>
          </params>
          <reporter-output>
          </reporter-output>
        </test-method> <!-- takeScreenShotOnFailure -->
        <test-method is-config="true" signature="tearDown()[pri:0, instance:tests.LoginPageTest@b3ca52e]" started-at="2026-07-02T10:59:17 IST" name="tearDown" finished-at="2026-07-02T10:59:17 IST" duration-ms="806" status="PASS">
          <reporter-output>
          </reporter-output>
        </test-method> <!-- tearDown -->
      </class> <!-- tests.LoginPageTest -->
    </test> <!-- Default test -->
  </suite> <!-- Default suite -->
</testng-results>
