<?xml version="1.0" encoding="UTF-8"?>
<testng-results ignored="0" total="2" passed="2" failed="0" skipped="0">
  <reporter-output>
  </reporter-output>
  <suite started-at="2026-07-01T11:24:14 IST" name="Default suite" finished-at="2026-07-01T11:24:35 IST" duration-ms="21866">
    <groups>
    </groups>
    <test started-at="2026-07-01T11:24:14 IST" name="Default test" finished-at="2026-07-01T11:24:35 IST" duration-ms="21866">
      <class name="tests.LoginPageTest">
        <test-method is-config="true" signature="setUp()[pri:0, instance:tests.LoginPageTest@3a52dba3]" started-at="2026-07-01T11:24:13 IST" name="setUp" finished-at="2026-07-01T11:24:14 IST" duration-ms="397" status="PASS">
          <reporter-output>
          </reporter-output>
        </test-method> <!-- setUp -->
        <test-method is-config="true" signature="test()[pri:0, instance:tests.LoginPageTest@3a52dba3]" started-at="2026-07-01T11:24:14 IST" name="test" finished-at="2026-07-01T11:24:29 IST" duration-ms="15825" status="PASS">
          <reporter-output>
          </reporter-output>
        </test-method> <!-- test -->
        <test-method is-config="true" signature="setUpPage()[pri:0, instance:tests.LoginPageTest@3a52dba3]" started-at="2026-07-01T11:24:29 IST" name="setUpPage" finished-at="2026-07-01T11:24:29 IST" duration-ms="15" status="PASS">
          <reporter-output>
          </reporter-output>
        </test-method> <!-- setUpPage -->
        <test-method signature="invalidLogin()[pri:0, instance:tests.LoginPageTest@3a52dba3]" started-at="2026-07-01T11:24:29 IST" name="invalidLogin" finished-at="2026-07-01T11:24:31 IST" duration-ms="1864" status="PASS">
          <reporter-output>
          </reporter-output>
        </test-method> <!-- invalidLogin -->
        <test-method is-config="true" signature="takeScreenShotOnFailure(org.testng.ITestResult)[pri:0, instance:tests.LoginPageTest@3a52dba3]" started-at="2026-07-01T11:24:31 IST" name="takeScreenShotOnFailure" finished-at="2026-07-01T11:24:31 IST" duration-ms="8" status="PASS">
          <params>
            <param index="0">
              <value>
                <![CDATA[[TestResult name=invalidLogin status=SUCCESS method=LoginPageTest.invalidLogin()[pri:0, instance:tests.LoginPageTest@3a52dba3] output={null}]]]>
              </value>
            </param>
          </params>
          <reporter-output>
          </reporter-output>
        </test-method> <!-- takeScreenShotOnFailure -->
        <test-method signature="validLogin()[pri:0, instance:tests.LoginPageTest@3a52dba3]" started-at="2026-07-01T11:24:31 IST" name="validLogin" finished-at="2026-07-01T11:24:35 IST" duration-ms="3198" status="PASS">
          <reporter-output>
          </reporter-output>
        </test-method> <!-- validLogin -->
        <test-method is-config="true" signature="setUpPage()[pri:0, instance:tests.LoginPageTest@3a52dba3]" started-at="2026-07-01T11:24:31 IST" name="setUpPage" finished-at="2026-07-01T11:24:31 IST" duration-ms="0" status="PASS">
          <reporter-output>
          </reporter-output>
        </test-method> <!-- setUpPage -->
        <test-method is-config="true" signature="takeScreenShotOnFailure(org.testng.ITestResult)[pri:0, instance:tests.LoginPageTest@3a52dba3]" started-at="2026-07-01T11:24:35 IST" name="takeScreenShotOnFailure" finished-at="2026-07-01T11:24:35 IST" duration-ms="0" status="PASS">
          <params>
            <param index="0">
              <value>
                <![CDATA[[TestResult name=validLogin status=SUCCESS method=LoginPageTest.validLogin()[pri:0, instance:tests.LoginPageTest@3a52dba3] output={null}]]]>
              </value>
            </param>
          </params>
          <reporter-output>
          </reporter-output>
        </test-method> <!-- takeScreenShotOnFailure -->
        <test-method is-config="true" signature="tearDown()[pri:0, instance:tests.LoginPageTest@3a52dba3]" started-at="2026-07-01T11:24:35 IST" name="tearDown" finished-at="2026-07-01T11:24:35 IST" duration-ms="876" status="PASS">
          <reporter-output>
          </reporter-output>
        </test-method> <!-- tearDown -->
      </class> <!-- tests.LoginPageTest -->
    </test> <!-- Default test -->
  </suite> <!-- Default suite -->
</testng-results>
