<?xml version="1.0" encoding="UTF-8"?>
<testng-results ignored="0" total="1" passed="1" failed="0" skipped="0">
  <reporter-output>
  </reporter-output>
  <suite started-at="2026-06-29T14:16:52 IST" name="Default suite" finished-at="2026-06-29T14:17:05 IST" duration-ms="12910">
    <groups>
    </groups>
    <test started-at="2026-06-29T14:16:52 IST" name="Default test" finished-at="2026-06-29T14:17:05 IST" duration-ms="12910">
      <class name="com.checkbox.CheckBox">
        <test-method is-config="true" signature="setUp()[pri:0, instance:com.checkbox.CheckBox@1a677343]" started-at="2026-06-29T14:16:52 IST" name="setUp" finished-at="2026-06-29T14:17:04 IST" duration-ms="11657" status="PASS">
          <reporter-output>
          </reporter-output>
        </test-method> <!-- setUp -->
        <test-method signature="test()[pri:0, instance:com.checkbox.CheckBox@1a677343]" started-at="2026-06-29T14:17:04 IST" name="test" finished-at="2026-06-29T14:17:05 IST" duration-ms="869" status="PASS">
          <reporter-output>
          </reporter-output>
        </test-method> <!-- test -->
        <test-method is-config="true" signature="tearDown()[pri:0, instance:com.checkbox.CheckBox@1a677343]" started-at="2026-06-29T14:17:05 IST" name="tearDown" finished-at="2026-06-29T14:17:05 IST" duration-ms="344" status="PASS">
          <reporter-output>
          </reporter-output>
        </test-method> <!-- tearDown -->
      </class> <!-- com.checkbox.CheckBox -->
    </test> <!-- Default test -->
  </suite> <!-- Default suite -->
</testng-results>
