<?xml version="1.0" encoding="UTF-8"?>
<testng-results ignored="0" total="1" passed="1" failed="0" skipped="0">
  <reporter-output>
  </reporter-output>
  <suite started-at="2026-06-27T23:11:58 IST" name="Default suite" finished-at="2026-06-27T23:11:58 IST" duration-ms="667">
    <groups>
    </groups>
    <test started-at="2026-06-27T23:11:58 IST" name="Default test" finished-at="2026-06-27T23:11:58 IST" duration-ms="667">
      <class name="xlsx.Test">
        <test-method signature="printXLSXData()[pri:0, instance:xlsx.Test@5b7a5baa]" started-at="2026-06-27T23:11:58 IST" name="printXLSXData" finished-at="2026-06-27T23:11:58 IST" duration-ms="624" status="PASS">
          <reporter-output>
          </reporter-output>
        </test-method> <!-- printXLSXData -->
      </class> <!-- xlsx.Test -->
    </test> <!-- Default test -->
  </suite> <!-- Default suite -->
</testng-results>
