<?xml version="1.0" encoding="UTF-8"?>
<testng-results ignored="0" total="1" passed="1" failed="0" skipped="0">
  <reporter-output>
  </reporter-output>
  <suite started-at="2026-07-02T21:09:39 IST" name="Default suite" finished-at="2026-07-02T21:10:20 IST" duration-ms="40833">
    <groups>
    </groups>
    <test started-at="2026-07-02T21:09:39 IST" name="Default test" finished-at="2026-07-02T21:10:20 IST" duration-ms="40833">
      <class name="tests.EndToEndTest">
        <test-method is-config="true" signature="test()[pri:0, instance:tests.EndToEndTest@fbd1f6]" started-at="2026-07-02T21:09:39 IST" name="test" finished-at="2026-07-02T21:10:08 IST" duration-ms="28957" status="PASS">
          <reporter-output>
          </reporter-output>
        </test-method> <!-- test -->
        <test-method is-config="true" signature="setUp()[pri:0, instance:tests.EndToEndTest@fbd1f6]" started-at="2026-07-02T21:10:08 IST" name="setUp" finished-at="2026-07-02T21:10:08 IST" duration-ms="11" status="PASS">
          <reporter-output>
          </reporter-output>
        </test-method> <!-- setUp -->
        <test-method signature="loginAndSearch()[pri:0, instance:tests.EndToEndTest@fbd1f6]" started-at="2026-07-02T21:10:08 IST" name="loginAndSearch" finished-at="2026-07-02T21:10:20 IST" duration-ms="11097" status="PASS">
          <reporter-output>
          </reporter-output>
        </test-method> <!-- loginAndSearch -->
        <test-method is-config="true" signature="takeScreenShotOnFailure(org.testng.ITestResult)[pri:0, instance:tests.EndToEndTest@fbd1f6]" started-at="2026-07-02T21:10:20 IST" name="takeScreenShotOnFailure" finished-at="2026-07-02T21:10:20 IST" duration-ms="8" status="PASS">
          <params>
            <param index="0">
              <value>
                <![CDATA[[TestResult name=loginAndSearch status=SUCCESS method=EndToEndTest.loginAndSearch()[pri:0, instance:tests.EndToEndTest@fbd1f6] output={null}]]]>
              </value>
            </param>
          </params>
          <reporter-output>
          </reporter-output>
        </test-method> <!-- takeScreenShotOnFailure -->
        <test-method is-config="true" signature="tearDown()[pri:0, instance:tests.EndToEndTest@fbd1f6]" started-at="2026-07-02T21:10:20 IST" name="tearDown" finished-at="2026-07-02T21:10:20 IST" duration-ms="709" status="PASS">
          <reporter-output>
          </reporter-output>
        </test-method> <!-- tearDown -->
      </class> <!-- tests.EndToEndTest -->
    </test> <!-- Default test -->
  </suite> <!-- Default suite -->
</testng-results>
